Epoch 5/5 - Sample 397000/697932
  Epoch 5/5 - Sample 398000/697932
  Epoch 5/5 - Sample 399000/697932
  Epoch 5/5 - Sample 400000/697932
  Epoch 5/5 - Sample 401000/697932
  Epoch 5/5 - Sample 402000/697932
  Epoch 5/5 - Sample 403000/697932
  Epoch 5/5 - Sample 404000/697932
  Epoch 5/5 - Sample 405000/697932
  Epoch 5/5 - Sample 406000/697932
  Epoch 5/5 - Sample 407000/697932
  Epoch 5/5 - Sample 408000/697932
  Epoch 5/5 - Sample 409000/697932
  Epoch 5/5 - Sample 410000/697932
  Epoch 5/5 - Sample 411000/697932
  Epoch 5/5 - Sample 412000/697932
  Epoch 5/5 - Sample 413000/697932
  Epoch 5/5 - Sample 414000/697932
  Epoch 5/5 - Sample 415000/697932
  Epoch 5/5 - Sample 416000/697932
  Epoch 5/5 - Sample 417000/697932
  Epoch 5/5 - Sample 418000/697932
  Epoch 5/5 - Sample 419000/697932
  Epoch 5/5 - Sample 420000/697932
  Epoch 5/5 - Sample 421000/697932
  Epoch 5/5 - Sample 422000/697932
  Epoch 5/5 - Sample 423000/697932
  Epoch 5/5 - Sample 424000/697932
  Epoch 5/5 - Sample 425000/697932
  Epoch 5/5 - Sample 426000/697932
  Epoch 5/5 - Sample 427000/697932
  Epoch 5/5 - Sample 428000/697932
  Epoch 5/5 - Sample 429000/697932
  Epoch 5/5 - Sample 430000/697932
  Epoch 5/5 - Sample 431000/697932
  Epoch 5/5 - Sample 432000/697932
  Epoch 5/5 - Sample 433000/697932
  Epoch 5/5 - Sample 434000/697932
  Epoch 5/5 - Sample 435000/697932
  Epoch 5/5 - Sample 436000/697932
  Epoch 5/5 - Sample 437000/697932
  Epoch 5/5 - Sample 438000/697932
  Epoch 5/5 - Sample 439000/697932
  Epoch 5/5 - Sample 440000/697932
  Epoch 5/5 - Sample 441000/697932
  Epoch 5/5 - Sample 442000/697932
  Epoch 5/5 - Sample 443000/697932
  Epoch 5/5 - Sample 444000/697932
  Epoch 5/5 - Sample 445000/697932
  Epoch 5/5 - Sample 446000/697932
  Epoch 5/5 - Sample 447000/697932
  Epoch 5/5 - Sample 448000/697932
  Epoch 5/5 - Sample 449000/697932
  Epoch 5/5 - Sample 450000/697932
  Epoch 5/5 - Sample 451000/697932
  Epoch 5/5 - Sample 452000/697932
  Epoch 5/5 - Sample 453000/697932
  Epoch 5/5 - Sample 454000/697932
  Epoch 5/5 - Sample 455000/697932
  Epoch 5/5 - Sample 456000/697932
  Epoch 5/5 - Sample 457000/697932
  Epoch 5/5 - Sample 458000/697932
  Epoch 5/5 - Sample 459000/697932
  Epoch 5/5 - Sample 460000/697932
  Epoch 5/5 - Sample 461000/697932
  Epoch 5/5 - Sample 462000/697932
  Epoch 5/5 - Sample 463000/697932
  Epoch 5/5 - Sample 464000/697932
  Epoch 5/5 - Sample 465000/697932
  Epoch 5/5 - Sample 466000/697932
  Epoch 5/5 - Sample 467000/697932
  Epoch 5/5 - Sample 468000/697932
  Epoch 5/5 - Sample 469000/697932
  Epoch 5/5 - Sample 470000/697932
  Epoch 5/5 - Sample 471000/697932
  Epoch 5/5 - Sample 472000/697932
  Epoch 5/5 - Sample 473000/697932
  Epoch 5/5 - Sample 474000/697932
  Epoch 5/5 - Sample 475000/697932
  Epoch 5/5 - Sample 476000/697932
  Epoch 5/5 - Sample 477000/697932
  Epoch 5/5 - Sample 478000/697932
  Epoch 5/5 - Sample 479000/697932
  Epoch 5/5 - Sample 480000/697932
  Epoch 5/5 - Sample 481000/697932
  Epoch 5/5 - Sample 482000/697932
  Epoch 5/5 - Sample 483000/697932
  Epoch 5/5 - Sample 484000/697932
  Epoch 5/5 - Sample 485000/697932
  Epoch 5/5 - Sample 486000/697932
  Epoch 5/5 - Sample 487000/697932
  Epoch 5/5 - Sample 488000/697932
  Epoch 5/5 - Sample 489000/697932
  Epoch 5/5 - Sample 490000/697932
  Epoch 5/5 - Sample 491000/697932
  Epoch 5/5 - Sample 492000/697932
  Epoch 5/5 - Sample 493000/697932
  Epoch 5/5 - Sample 494000/697932
  Epoch 5/5 - Sample 495000/697932
  Epoch 5/5 - Sample 496000/697932
  Epoch 5/5 - Sample 497000/697932
  Epoch 5/5 - Sample 498000/697932
  Epoch 5/5 - Sample 499000/697932
  Epoch 5/5 - Sample 500000/697932
  Epoch 5/5 - Sample 501000/697932
  Epoch 5/5 - Sample 502000/697932
  Epoch 5/5 - Sample 503000/697932
  Epoch 5/5 - Sample 504000/697932
  Epoch 5/5 - Sample 505000/697932
  Epoch 5/5 - Sample 506000/697932
  Epoch 5/5 - Sample 507000/697932
  Epoch 5/5 - Sample 508000/697932
  Epoch 5/5 - Sample 509000/697932
  Epoch 5/5 - Sample 510000/697932
  Epoch 5/5 - Sample 511000/697932
  Epoch 5/5 - Sample 512000/697932
  Epoch 5/5 - Sample 513000/697932
  Epoch 5/5 - Sample 514000/697932
  Epoch 5/5 - Sample 515000/697932
  Epoch 5/5 - Sample 516000/697932
  Epoch 5/5 - Sample 517000/697932
  Epoch 5/5 - Sample 518000/697932
  Epoch 5/5 - Sample 519000/697932
  Epoch 5/5 - Sample 520000/697932
  Epoch 5/5 - Sample 521000/697932
  Epoch 5/5 - Sample 522000/697932
  Epoch 5/5 - Sample 523000/697932
  Epoch 5/5 - Sample 524000/697932
  Epoch 5/5 - Sample 525000/697932
  Epoch 5/5 - Sample 526000/697932
  Epoch 5/5 - Sample 527000/697932
  Epoch 5/5 - Sample 528000/697932
  Epoch 5/5 - Sample 529000/697932
  Epoch 5/5 - Sample 530000/697932
  Epoch 5/5 - Sample 531000/697932
  Epoch 5/5 - Sample 532000/697932
  Epoch 5/5 - Sample 533000/697932
  Epoch 5/5 - Sample 534000/697932
  Epoch 5/5 - Sample 535000/697932
  Epoch 5/5 - Sample 536000/697932
  Epoch 5/5 - Sample 537000/697932
  Epoch 5/5 - Sample 538000/697932
  Epoch 5/5 - Sample 539000/697932
  Epoch 5/5 - Sample 540000/697932
  Epoch 5/5 - Sample 541000/697932
  Epoch 5/5 - Sample 542000/697932
  Epoch 5/5 - Sample 543000/697932
  Epoch 5/5 - Sample 544000/697932
  Epoch 5/5 - Sample 545000/697932
  Epoch 5/5 - Sample 546000/697932
  Epoch 5/5 - Sample 547000/697932
  Epoch 5/5 - Sample 548000/697932
  Epoch 5/5 - Sample 549000/697932
  Epoch 5/5 - Sample 550000/697932
  Epoch 5/5 - Sample 551000/697932
  Epoch 5/5 - Sample 552000/697932
  Epoch 5/5 - Sample 553000/697932
  Epoch 5/5 - Sample 554000/697932
  Epoch 5/5 - Sample 555000/697932
  Epoch 5/5 - Sample 556000/697932
  Epoch 5/5 - Sample 557000/697932
  Epoch 5/5 - Sample 558000/697932
  Epoch 5/5 - Sample 559000/697932
  Epoch 5/5 - Sample 560000/697932
  Epoch 5/5 - Sample 561000/697932
  Epoch 5/5 - Sample 562000/697932
  Epoch 5/5 - Sample 563000/697932
  Epoch 5/5 - Sample 564000/697932
  Epoch 5/5 - Sample 565000/697932
  Epoch 5/5 - Sample 566000/697932
  Epoch 5/5 - Sample 567000/697932
  Epoch 5/5 - Sample 568000/697932
  Epoch 5/5 - Sample 569000/697932
  Epoch 5/5 - Sample 570000/697932
  Epoch 5/5 - Sample 571000/697932
  Epoch 5/5 - Sample 572000/697932
  Epoch 5/5 - Sample 573000/697932
  Epoch 5/5 - Sample 574000/697932
  Epoch 5/5 - Sample 575000/697932
  Epoch 5/5 - Sample 576000/697932
  Epoch 5/5 - Sample 577000/697932
  Epoch 5/5 - Sample 578000/697932
  Epoch 5/5 - Sample 579000/697932
  Epoch 5/5 - Sample 580000/697932
  Epoch 5/5 - Sample 581000/697932
  Epoch 5/5 - Sample 582000/697932
  Epoch 5/5 - Sample 583000/697932
  Epoch 5/5 - Sample 584000/697932
  Epoch 5/5 - Sample 585000/697932
  Epoch 5/5 - Sample 586000/697932
  Epoch 5/5 - Sample 587000/697932
  Epoch 5/5 - Sample 588000/697932
  Epoch 5/5 - Sample 589000/697932
  Epoch 5/5 - Sample 590000/697932
  Epoch 5/5 - Sample 591000/697932
  Epoch 5/5 - Sample 592000/697932
  Epoch 5/5 - Sample 593000/697932
  Epoch 5/5 - Sample 594000/697932
  Epoch 5/5 - Sample 595000/697932
  Epoch 5/5 - Sample 596000/697932
  Epoch 5/5 - Sample 597000/697932
  Epoch 5/5 - Sample 598000/697932
  Epoch 5/5 - Sample 599000/697932
  Epoch 5/5 - Sample 600000/697932
  Epoch 5/5 - Sample 601000/697932
  Epoch 5/5 - Sample 602000/697932
  Epoch 5/5 - Sample 603000/697932
  Epoch 5/5 - Sample 604000/697932
  Epoch 5/5 - Sample 605000/697932
  Epoch 5/5 - Sample 606000/697932
  Epoch 5/5 - Sample 607000/697932
  Epoch 5/5 - Sample 608000/697932
  Epoch 5/5 - Sample 609000/697932
  Epoch 5/5 - Sample 610000/697932
  Epoch 5/5 - Sample 611000/697932
  Epoch 5/5 - Sample 612000/697932
  Epoch 5/5 - Sample 613000/697932
  Epoch 5/5 - Sample 614000/697932
  Epoch 5/5 - Sample 615000/697932
  Epoch 5/5 - Sample 616000/697932
  Epoch 5/5 - Sample 617000/697932
  Epoch 5/5 - Sample 618000/697932
  Epoch 5/5 - Sample 619000/697932
  Epoch 5/5 - Sample 620000/697932
  Epoch 5/5 - Sample 621000/697932
  Epoch 5/5 - Sample 622000/697932
  Epoch 5/5 - Sample 623000/697932
  Epoch 5/5 - Sample 624000/697932
  Epoch 5/5 - Sample 625000/697932
  Epoch 5/5 - Sample 626000/697932
  Epoch 5/5 - Sample 627000/697932
  Epoch 5/5 - Sample 628000/697932
  Epoch 5/5 - Sample 629000/697932
  Epoch 5/5 - Sample 630000/697932
  Epoch 5/5 - Sample 631000/697932
  Epoch 5/5 - Sample 632000/697932
  Epoch 5/5 - Sample 633000/697932
  Epoch 5/5 - Sample 634000/697932
  Epoch 5/5 - Sample 635000/697932
  Epoch 5/5 - Sample 636000/697932
  Epoch 5/5 - Sample 637000/697932
  Epoch 5/5 - Sample 638000/697932
  Epoch 5/5 - Sample 639000/697932
  Epoch 5/5 - Sample 640000/697932
  Epoch 5/5 - Sample 641000/697932
  Epoch 5/5 - Sample 642000/697932
  Epoch 5/5 - Sample 643000/697932
  Epoch 5/5 - Sample 644000/697932
  Epoch 5/5 - Sample 645000/697932
  Epoch 5/5 - Sample 646000/697932
  Epoch 5/5 - Sample 647000/697932
  Epoch 5/5 - Sample 648000/697932
  Epoch 5/5 - Sample 649000/697932
  Epoch 5/5 - Sample 650000/697932
  Epoch 5/5 - Sample 651000/697932
  Epoch 5/5 - Sample 652000/697932
  Epoch 5/5 - Sample 653000/697932
  Epoch 5/5 - Sample 654000/697932
  Epoch 5/5 - Sample 655000/697932
  Epoch 5/5 - Sample 656000/697932
  Epoch 5/5 - Sample 657000/697932
  Epoch 5/5 - Sample 658000/697932
  Epoch 5/5 - Sample 659000/697932
  Epoch 5/5 - Sample 660000/697932
  Epoch 5/5 - Sample 661000/697932
  Epoch 5/5 - Sample 662000/697932
  Epoch 5/5 - Sample 663000/697932
  Epoch 5/5 - Sample 664000/697932
  Epoch 5/5 - Sample 665000/697932
  Epoch 5/5 - Sample 666000/697932
  Epoch 5/5 - Sample 667000/697932
  Epoch 5/5 - Sample 668000/697932
  Epoch 5/5 - Sample 669000/697932
  Epoch 5/5 - Sample 670000/697932
  Epoch 5/5 - Sample 671000/697932
  Epoch 5/5 - Sample 672000/697932
  Epoch 5/5 - Sample 673000/697932
  Epoch 5/5 - Sample 674000/697932
  Epoch 5/5 - Sample 675000/697932
  Epoch 5/5 - Sample 676000/697932
  Epoch 5/5 - Sample 677000/697932
  Epoch 5/5 - Sample 678000/697932
  Epoch 5/5 - Sample 679000/697932
  Epoch 5/5 - Sample 680000/697932
  Epoch 5/5 - Sample 681000/697932
  Epoch 5/5 - Sample 682000/697932
  Epoch 5/5 - Sample 683000/697932
  Epoch 5/5 - Sample 684000/697932
  Epoch 5/5 - Sample 685000/697932
  Epoch 5/5 - Sample 686000/697932
  Epoch 5/5 - Sample 687000/697932
  Epoch 5/5 - Sample 688000/697932
  Epoch 5/5 - Sample 689000/697932
  Epoch 5/5 - Sample 690000/697932
  Epoch 5/5 - Sample 691000/697932
  Epoch 5/5 - Sample 692000/697932
  Epoch 5/5 - Sample 693000/697932
  Epoch 5/5 - Sample 694000/697932
  Epoch 5/5 - Sample 695000/697932
  Epoch 5/5 - Sample 696000/697932
  Epoch 5/5 - Sample 697000/697932
Epoch 5/5 - Loss: 0,0090 - Accuracy: 93,98%

Evaluating on 116323 test samples...
  Evaluated 1000/116323
  Evaluated 2000/116323
  Evaluated 3000/116323
  Evaluated 4000/116323
  Evaluated 5000/116323
  Evaluated 6000/116323
  Evaluated 7000/116323
  Evaluated 8000/116323
  Evaluated 9000/116323
  Evaluated 10000/116323
  Evaluated 11000/116323
  Evaluated 12000/116323
  Evaluated 13000/116323
  Evaluated 14000/116323
  Evaluated 15000/116323
  Evaluated 16000/116323
  Evaluated 17000/116323
  Evaluated 18000/116323
  Evaluated 19000/116323
  Evaluated 20000/116323
  Evaluated 21000/116323
  Evaluated 22000/116323
  Evaluated 23000/116323
  Evaluated 24000/116323
  Evaluated 25000/116323
  Evaluated 26000/116323
  Evaluated 27000/116323
  Evaluated 28000/116323
  Evaluated 29000/116323
  Evaluated 30000/116323
  Evaluated 31000/116323
  Evaluated 32000/116323
  Evaluated 33000/116323
  Evaluated 34000/116323
  Evaluated 35000/116323
  Evaluated 36000/116323
  Evaluated 37000/116323
  Evaluated 38000/116323
  Evaluated 39000/116323
  Evaluated 40000/116323
  Evaluated 41000/116323
  Evaluated 42000/116323
  Evaluated 43000/116323
  Evaluated 44000/116323
  Evaluated 45000/116323
  Evaluated 46000/116323
  Evaluated 47000/116323
  Evaluated 48000/116323
  Evaluated 49000/116323
  Evaluated 50000/116323
  Evaluated 51000/116323
  Evaluated 52000/116323
  Evaluated 53000/116323
  Evaluated 54000/116323
  Evaluated 55000/116323
  Evaluated 56000/116323
  Evaluated 57000/116323
  Evaluated 58000/116323
  Evaluated 59000/116323
  Evaluated 60000/116323
  Evaluated 61000/116323
  Evaluated 62000/116323
  Evaluated 63000/116323
  Evaluated 64000/116323
  Evaluated 65000/116323
  Evaluated 66000/116323
  Evaluated 67000/116323
  Evaluated 68000/116323
  Evaluated 69000/116323
  Evaluated 70000/116323
  Evaluated 71000/116323
  Evaluated 72000/116323
  Evaluated 73000/116323
  Evaluated 74000/116323
  Evaluated 75000/116323
  Evaluated 76000/116323
  Evaluated 77000/116323
  Evaluated 78000/116323
  Evaluated 79000/116323
  Evaluated 80000/116323
  Evaluated 81000/116323
  Evaluated 82000/116323
  Evaluated 83000/116323
  Evaluated 84000/116323
  Evaluated 85000/116323
  Evaluated 86000/116323
  Evaluated 87000/116323
  Evaluated 88000/116323
  Evaluated 89000/116323
  Evaluated 90000/116323
  Evaluated 91000/116323
  Evaluated 92000/116323
  Evaluated 93000/116323
  Evaluated 94000/116323
  Evaluated 95000/116323
  Evaluated 96000/116323
  Evaluated 97000/116323
  Evaluated 98000/116323
  Evaluated 99000/116323
  Evaluated 100000/116323
  Evaluated 101000/116323
  Evaluated 102000/116323
  Evaluated 103000/116323
  Evaluated 104000/116323
  Evaluated 105000/116323
  Evaluated 106000/116323
  Evaluated 107000/116323
  Evaluated 108000/116323
  Evaluated 109000/116323
  Evaluated 110000/116323
  Evaluated 111000/116323
  Evaluated 112000/116323
  Evaluated 113000/116323
  Evaluated 114000/116323
  Evaluated 115000/116323
  Evaluated 116000/116323
Test Accuracy: 1,28%

Saving model...

Making predictions on test samples:
Sample 0: Predicted: M, Confidence: 30,00% (Actual: 18)
Sample 1: Predicted: M, Confidence: 30,00% (Actual: 36)
Sample 2: Predicted: M, Confidence: 30,00% (Actual: 0)
Sample 3: Predicted: M, Confidence: 30,00% (Actual: 3)
Sample 4: Predicted: M, Confidence: 30,00% (Actual: 33)
rivolink@thinkbook:/drive/Projects/_rivolink/text-recognition$ 

